
> @ type-check C:\Users\kiy02\Desktop\Smetalab v1.0.2
> tsc --noEmit

app/(workspace)/app/guide/counterparties/columns.tsx(3,27): error TS2307: Cannot find module '@tanstack/react-table' or its corresponding type declarations.
app/(workspace)/app/guide/counterparties/columns.tsx(26,18): error TS7031: Binding element 'row' implicitly has an 'any' type.
app/(workspace)/app/guide/counterparties/columns.tsx(31,18): error TS7031: Binding element 'row' implicitly has an 'any' type.
app/(workspace)/app/guide/counterparties/columns.tsx(43,18): error TS7031: Binding element 'row' implicitly has an 'any' type.
app/(workspace)/app/guide/counterparties/columns.tsx(48,18): error TS7031: Binding element 'row' implicitly has an 'any' type.
app/(workspace)/app/guide/materials/columns.tsx(4,34): error TS2307: Cannot find module '@tanstack/react-table' or its corresponding type declarations.
app/(workspace)/app/guide/materials/columns.tsx(235,18): error TS7031: Binding element 'row' implicitly has an 'any' type.
app/(workspace)/app/guide/materials/columns.tsx(235,23): error TS7031: Binding element 'table' implicitly has an 'any' type.
app/(workspace)/app/guide/materials/columns.tsx(248,18): error TS7031: Binding element 'row' implicitly has an 'any' type.
app/(workspace)/app/guide/materials/columns.tsx(248,23): error TS7031: Binding element 'table' implicitly has an 'any' type.
app/(workspace)/app/guide/materials/columns.tsx(272,18): error TS7031: Binding element 'row' implicitly has an 'any' type.
app/(workspace)/app/guide/materials/columns.tsx(272,23): error TS7031: Binding element 'table' implicitly has an 'any' type.
app/(workspace)/app/guide/materials/columns.tsx(296,18): error TS7031: Binding element 'row' implicitly has an 'any' type.
app/(workspace)/app/guide/materials/columns.tsx(296,23): error TS7031: Binding element 'table' implicitly has an 'any' type.
app/(workspace)/app/guide/materials/columns.tsx(309,18): error TS7031: Binding element 'row' implicitly has an 'any' type.
app/(workspace)/app/guide/materials/columns.tsx(309,23): error TS7031: Binding element 'table' implicitly has an 'any' type.
app/(workspace)/app/guide/materials/columns.tsx(324,18): error TS7031: Binding element 'row' implicitly has an 'any' type.
app/(workspace)/app/guide/materials/columns.tsx(324,23): error TS7031: Binding element 'table' implicitly has an 'any' type.
app/(workspace)/app/guide/materials/columns.tsx(346,20): error TS7031: Binding element 'table' implicitly has an 'any' type.
app/(workspace)/app/guide/materials/columns.tsx(356,18): error TS7031: Binding element 'row' implicitly has an 'any' type.
app/(workspace)/app/guide/materials/columns.tsx(356,23): error TS7031: Binding element 'table' implicitly has an 'any' type.
app/(workspace)/app/guide/materials/materials-client.tsx(18,23): error TS2307: Cannot find module 'xlsx' or its corresponding type declarations.
app/(workspace)/app/guide/works/columns.tsx(4,34): error TS2307: Cannot find module '@tanstack/react-table' or its corresponding type declarations.
app/(workspace)/app/guide/works/columns.tsx(321,18): error TS7031: Binding element 'row' implicitly has an 'any' type.
app/(workspace)/app/guide/works/columns.tsx(321,23): error TS7031: Binding element 'table' implicitly has an 'any' type.
app/(workspace)/app/guide/works/columns.tsx(352,21): error TS7006: Parameter 'rowA' implicitly has an 'any' type.
app/(workspace)/app/guide/works/columns.tsx(352,27): error TS7006: Parameter 'rowB' implicitly has an 'any' type.
app/(workspace)/app/guide/works/columns.tsx(352,33): error TS7006: Parameter 'columnId' implicitly has an 'any' type.
app/(workspace)/app/guide/works/columns.tsx(366,18): error TS7031: Binding element 'row' implicitly has an 'any' type.
app/(workspace)/app/guide/works/columns.tsx(366,23): error TS7031: Binding element 'table' implicitly has an 'any' type.
app/(workspace)/app/guide/works/columns.tsx(405,18): error TS7031: Binding element 'row' implicitly has an 'any' type.
app/(workspace)/app/guide/works/columns.tsx(405,23): error TS7031: Binding element 'table' implicitly has an 'any' type.
app/(workspace)/app/guide/works/columns.tsx(424,18): error TS7031: Binding element 'row' implicitly has an 'any' type.
app/(workspace)/app/guide/works/columns.tsx(424,23): error TS7031: Binding element 'table' implicitly has an 'any' type.
app/(workspace)/app/guide/works/columns.tsx(452,20): error TS7031: Binding element 'table' implicitly has an 'any' type.
app/(workspace)/app/guide/works/columns.tsx(470,18): error TS7031: Binding element 'row' implicitly has an 'any' type.
app/(workspace)/app/guide/works/columns.tsx(470,23): error TS7031: Binding element 'table' implicitly has an 'any' type.
app/(workspace)/app/guide/works/works-client.tsx(18,23): error TS2307: Cannot find module 'xlsx' or its corresponding type declarations.
app/actions/materials/import-export.ts(4,23): error TS2307: Cannot find module 'xlsx' or its corresponding type declarations.
app/actions/works/import-export.ts(4,23): error TS2307: Cannot find module 'xlsx' or its corresponding type declarations.
app/api/upload/materials/route.ts(3,23): error TS2307: Cannot find module 'xlsx' or its corresponding type declarations.
components/ui/command.tsx(4,45): error TS2307: Cannot find module 'cmdk' or its corresponding type declarations.
components/ui/data-table.tsx(14,8): error TS2307: Cannot find module '@tanstack/react-table' or its corresponding type declarations.
components/ui/data-table.tsx(16,31): error TS2307: Cannot find module 'react-virtuoso' or its corresponding type declarations.
components/ui/data-table.tsx(151,20): error TS7006: Parameter 'row' implicitly has an 'any' type.
components/ui/data-table.tsx(256,63): error TS7006: Parameter 'headerGroup' implicitly has an 'any' type.
components/ui/data-table.tsx(258,67): error TS7006: Parameter 'header' implicitly has an 'any' type.
components/ui/data-table.tsx(301,39): error TS7006: Parameter '_index' implicitly has an 'any' type.
components/ui/data-table.tsx(301,47): error TS7006: Parameter 'row' implicitly has an 'any' type.
components/ui/data-table.tsx(303,61): error TS7006: Parameter 'cell' implicitly has an 'any' type.
jules_actions.ts(5,23): error TS2307: Cannot find module 'xlsx' or its corresponding type declarations.
jules_actions.ts(10,25): error TS2307: Cannot find module '@/lib/auth/user' or its corresponding type declarations.
jules_actions.ts(21,39): error TS2554: Expected 0 arguments, but got 1.
jules_actions.ts(95,39): error TS2554: Expected 0 arguments, but got 1.
lib/ai/embeddings.ts(1,20): error TS2307: Cannot find module 'openai' or its corresponding type declarations.
lib/ai/embeddings.ts(51,34): error TS7006: Parameter 'd' implicitly has an 'any' type.
 ELIFECYCLE  Command failed with exit code 2.
